<?xml version="1.0" encoding="UTF-8"?>
<!-- Generated by org.testng.reporters.JUnitReportReporter -->
<testsuite hostname="DESKTOP-AM810LT" name="test.LoginTest" tests="1" failures="0" timestamp="19 Jan 2020 15:52:59 GMT" time="89.871" errors="0">
  <testcase name="loginTest" time="89.871" classname="test.LoginTest"/>
</testsuite> <!-- test.LoginTest -->
