<?xml version="1.0" encoding="UTF-8"?>
<!-- Generated by org.testng.reporters.JUnitReportReporter -->
<testsuite skipped="0" hostname="DESKTOP-AM810LT" name="test.LoginTest" tests="1" failures="0" timestamp="2020-01-19T23:24:56 IST" time="111.646" errors="0">
  <testcase name="loginTest" time="111.646" classname="test.LoginTest"/>
</testsuite> <!-- test.LoginTest -->
